<?xml version="1.0" encoding="UTF-8"?>
<!--
  #%L
  Xacml4J Policy Unit Test Support
  %%
  Copyright (C) 2009 - 2014 Xacml4J.org
  %%
  This program is free software: you can redistribute it and/or modify
  it under the terms of the GNU Lesser General Public License as
  published by the Free Software Foundation, either version 3 of the
  License, or (at your option) any later version.

  This program is distributed in the hope that it will be useful,
  but WITHOUT ANY WARRANTY; without even the implied warranty of
  MERCHANTABILITY or FITNESS FOR A PARTICULAR PURPOSE.  See the
  GNU General Lesser Public License for more details.

  You should have received a copy of the GNU General Lesser Public
  License along with this program.  If not, see
  <http://www.gnu.org/licenses/lgpl-3.0.html>.
  #L%
  -->

<Response xmlns="urn:oasis:names:tc:xacml:3.0:core:schema:wd-17"
		  xmlns:xsi="http://www.w3.org/2001/XMLSchema-instance"
		  xsi:schemaLocation="urn:oasis:names:tc:xacml:3.0:core:schema:wd-17 http://docs.oasis-open.org/xacml/3.0/xacml-core-v3-schema-wd-17.xsd">
	<Result>
		<Decision>Deny</Decision>
		<Status>
			<StatusCode Value="urn:oasis:names:tc:xacml:1.0:status:ok"/>
		</Status>
		<Obligations>
			<Obligation ObligationId="urn:oasis:names:tc:xacml:2.0:conformance-test:IIIA001:obligation-2">
				<AttributeAssignment
						AttributeId="urn:oasis:names:tc:xacml:2.0:conformance-test:IIIA001:assignment1"
						DataType="http://www.w3.org/2001/XMLSchema#string">assignment1</AttributeAssignment>
				<AttributeAssignment
						AttributeId="urn:oasis:names:tc:xacml:2.0:conformance-test:IIIA001:assignment2"
						DataType="http://www.w3.org/2001/XMLSchema#string">assignment2</AttributeAssignment>
			</Obligation>
		</Obligations>
		<AssociatedAdvice>
			<Advice AdviceId="urn:oasis:names:tc:xacml:2.0:conformance-test:IIIA001:advice-2">
				<AttributeAssignment
						AttributeId="urn:oasis:names:tc:xacml:2.0:conformance-test:IIIA001:assignment1"
						DataType="http://www.w3.org/2001/XMLSchema#string">assignment1</AttributeAssignment>
				<AttributeAssignment
						AttributeId="urn:oasis:names:tc:xacml:2.0:conformance-test:IIIA001:assignment2"
						DataType="http://www.w3.org/2001/XMLSchema#string">assignment2</AttributeAssignment>
			</Advice>
		</AssociatedAdvice>
	</Result>
</Response>
