<?xml version="1.0" encoding="UTF-8"?>
<!--
  #%L
  Xacml4J Policy Unit Test Support
  %%
  Copyright (C) 2009 - 2014 Xacml4J.org
  %%
  This program is free software: you can redistribute it and/or modify
  it under the terms of the GNU Lesser General Public License as
  published by the Free Software Foundation, either version 3 of the
  License, or (at your option) any later version.
  
  This program is distributed in the hope that it will be useful,
  but WITHOUT ANY WARRANTY; without even the implied warranty of
  MERCHANTABILITY or FITNESS FOR A PARTICULAR PURPOSE.  See the
  GNU General Lesser Public License for more details.
  
  You should have received a copy of the GNU General Lesser Public
  License along with this program.  If not, see
  <http://www.gnu.org/licenses/lgpl-3.0.html>.
  #L%
  -->

<Response
      xmlns="urn:oasis:names:tc:xacml:2.0:context:schema:os"
      xmlns:xsi="http://www.w3.org/2001/XMLSchema-instance"
      xsi:schemaLocation="urn:oasis:names:tc:xacml:2.0:context:schema:os
        access_control-xacml-2.0-context-schema-os.xsd">
    <Result>
        <Decision>Deny</Decision>
        <Status>
            <StatusCode
                  Value="urn:oasis:names:tc:xacml:1.0:status:ok"/>
        </Status>
    </Result>
</Response>
